<?xml version="1.0" encoding="UTF-8"?>
<!-- Generated by org.testng.reporters.JUnitXMLReporter -->
<testsuite ignored="0" hostname="RavinPC" failures="0" tests="6" name="Test" time="43.808" errors="0" timestamp="2025-01-25T22:41:50 IST">
  <testcase classname="com.webstore.testcases.TC001_Account_Registration_Test" name="verify_account_registration" time="4.05"/>
  <testcase classname="com.webstore.testcases.TC002_LoginTest" name="verify_Login" time="2.764"/>
  <testcase classname="com.webstore.testcases.TC003_ForgetPasswordTest" name="verify_ForgotPassword" time="2.945"/>
  <testcase classname="com.webstore.testcases.TC004_SearchTest" name="verifySearchWithoutAddingAnyProduct" time="0.114"/>
  <testcase classname="com.webstore.testcases.TC004_SearchTest" name="verifySearchWithValidProduct" time="1.502"/>
  <testcase classname="com.webstore.testcases.TC004_SearchTest" name="verifySearchWithInvalidProduct" time="1.213"/>
</testsuite> <!-- Test -->
