<?xml version="1.0" encoding="UTF-8"?>
<!-- Generated by org.testng.reporters.JUnitXMLReporter -->
<testsuite ignored="0" hostname="RavinPC" failures="0" tests="3" name="Test" time="24.941" errors="0" timestamp="2025-01-25T14:37:47 IST">
  <testcase classname="com.webstore.testcases.TC001_Account_Registration_Test" name="verify_account_registration" time="2.234"/>
  <testcase classname="com.webstore.testcases.TC002_LoginTest" name="verify_Login" time="1.913"/>
  <testcase classname="com.webstore.testcases.TC003_ForgetPasswordTest" name="verify_ForgotPassword" time="1.897"/>
</testsuite> <!-- Test -->
