<?xml version="1.0" encoding="UTF-8"?>
<testng-results ignored="0" total="3" passed="3" failed="0" skipped="0">
  <reporter-output>
  </reporter-output>
  <suite started-at="2025-01-25T14:37:21 IST" name="Suite" finished-at="2025-01-25T14:37:46 IST" duration-ms="24941">
    <groups>
      <group name="Master">
        <method signature="TC001_Account_Registration_Test.verify_account_registration()[pri:0, instance:com.webstore.testcases.TC001_Account_Registration_Test@6f2cfcc2]" name="verify_account_registration" class="com.webstore.testcases.TC001_Account_Registration_Test"/>
        <method signature="TC002_LoginTest.verify_Login()[pri:0, instance:com.webstore.testcases.TC002_LoginTest@2a5b3fee]" name="verify_Login" class="com.webstore.testcases.TC002_LoginTest"/>
        <method signature="TC003_ForgetPasswordTest.verify_ForgotPassword()[pri:0, instance:com.webstore.testcases.TC003_ForgetPasswordTest@7c1e2a2d]" name="verify_ForgotPassword" class="com.webstore.testcases.TC003_ForgetPasswordTest"/>
      </group> <!-- Master -->
      <group name="Sanity">
        <method signature="TC002_LoginTest.verify_Login()[pri:0, instance:com.webstore.testcases.TC002_LoginTest@2a5b3fee]" name="verify_Login" class="com.webstore.testcases.TC002_LoginTest"/>
        <method signature="TC003_ForgetPasswordTest.verify_ForgotPassword()[pri:0, instance:com.webstore.testcases.TC003_ForgetPasswordTest@7c1e2a2d]" name="verify_ForgotPassword" class="com.webstore.testcases.TC003_ForgetPasswordTest"/>
      </group> <!-- Sanity -->
      <group name="Regression">
        <method signature="TC001_Account_Registration_Test.verify_account_registration()[pri:0, instance:com.webstore.testcases.TC001_Account_Registration_Test@6f2cfcc2]" name="verify_account_registration" class="com.webstore.testcases.TC001_Account_Registration_Test"/>
      </group> <!-- Regression -->
    </groups>
    <test started-at="2025-01-25T14:37:21 IST" name="Test" finished-at="2025-01-25T14:37:46 IST" duration-ms="24941">
      <class name="com.webstore.testcases.TC002_LoginTest">
        <test-method is-config="true" signature="setup(java.lang.String,java.lang.String)[pri:0, instance:com.webstore.testcases.TC002_LoginTest@2a5b3fee]" started-at="2025-01-25T14:37:33 IST" name="setup" finished-at="2025-01-25T14:37:37 IST" duration-ms="3917" status="PASS">
          <params>
            <param index="0">
              <value>
                <![CDATA[windows]]>
              </value>
            </param>
            <param index="1">
              <value>
                <![CDATA[edge]]>
              </value>
            </param>
          </params>
          <reporter-output>
          </reporter-output>
        </test-method> <!-- setup -->
        <test-method signature="verify_Login()[pri:0, instance:com.webstore.testcases.TC002_LoginTest@2a5b3fee]" started-at="2025-01-25T14:37:37 IST" name="verify_Login" finished-at="2025-01-25T14:37:39 IST" duration-ms="1913" status="PASS">
          <reporter-output>
          </reporter-output>
        </test-method> <!-- verify_Login -->
        <test-method is-config="true" signature="verify_Logout()[pri:0, instance:com.webstore.testcases.TC002_LoginTest@2a5b3fee]" started-at="2025-01-25T14:37:39 IST" name="verify_Logout" finished-at="2025-01-25T14:37:40 IST" duration-ms="1230" status="PASS">
          <reporter-output>
          </reporter-output>
        </test-method> <!-- verify_Logout -->
        <test-method is-config="true" signature="tearDown()[pri:0, instance:com.webstore.testcases.TC002_LoginTest@2a5b3fee]" started-at="2025-01-25T14:37:40 IST" name="tearDown" finished-at="2025-01-25T14:37:40 IST" duration-ms="258" status="PASS">
          <reporter-output>
          </reporter-output>
        </test-method> <!-- tearDown -->
      </class> <!-- com.webstore.testcases.TC002_LoginTest -->
      <class name="com.webstore.testcases.TC001_Account_Registration_Test">
        <test-method is-config="true" signature="setup(java.lang.String,java.lang.String)[pri:0, instance:com.webstore.testcases.TC001_Account_Registration_Test@6f2cfcc2]" started-at="2025-01-25T14:37:22 IST" name="setup" finished-at="2025-01-25T14:37:30 IST" duration-ms="8448" status="PASS">
          <params>
            <param index="0">
              <value>
                <![CDATA[windows]]>
              </value>
            </param>
            <param index="1">
              <value>
                <![CDATA[edge]]>
              </value>
            </param>
          </params>
          <reporter-output>
          </reporter-output>
        </test-method> <!-- setup -->
        <test-method signature="verify_account_registration()[pri:0, instance:com.webstore.testcases.TC001_Account_Registration_Test@6f2cfcc2]" started-at="2025-01-25T14:37:30 IST" name="verify_account_registration" finished-at="2025-01-25T14:37:32 IST" duration-ms="2234" status="PASS">
          <reporter-output>
          </reporter-output>
        </test-method> <!-- verify_account_registration -->
        <test-method is-config="true" signature="tearDown()[pri:0, instance:com.webstore.testcases.TC001_Account_Registration_Test@6f2cfcc2]" started-at="2025-01-25T14:37:33 IST" name="tearDown" finished-at="2025-01-25T14:37:33 IST" duration-ms="232" status="PASS">
          <reporter-output>
          </reporter-output>
        </test-method> <!-- tearDown -->
      </class> <!-- com.webstore.testcases.TC001_Account_Registration_Test -->
      <class name="com.webstore.testcases.TC003_ForgetPasswordTest">
        <test-method is-config="true" signature="setup(java.lang.String,java.lang.String)[pri:0, instance:com.webstore.testcases.TC003_ForgetPasswordTest@7c1e2a2d]" started-at="2025-01-25T14:37:40 IST" name="setup" finished-at="2025-01-25T14:37:44 IST" duration-ms="3762" status="PASS">
          <params>
            <param index="0">
              <value>
                <![CDATA[windows]]>
              </value>
            </param>
            <param index="1">
              <value>
                <![CDATA[edge]]>
              </value>
            </param>
          </params>
          <reporter-output>
          </reporter-output>
        </test-method> <!-- setup -->
        <test-method signature="verify_ForgotPassword()[pri:0, instance:com.webstore.testcases.TC003_ForgetPasswordTest@7c1e2a2d]" started-at="2025-01-25T14:37:44 IST" name="verify_ForgotPassword" finished-at="2025-01-25T14:37:46 IST" duration-ms="1897" status="PASS">
          <reporter-output>
          </reporter-output>
        </test-method> <!-- verify_ForgotPassword -->
        <test-method is-config="true" signature="tearDown()[pri:0, instance:com.webstore.testcases.TC003_ForgetPasswordTest@7c1e2a2d]" started-at="2025-01-25T14:37:46 IST" name="tearDown" finished-at="2025-01-25T14:37:46 IST" duration-ms="186" status="PASS">
          <reporter-output>
          </reporter-output>
        </test-method> <!-- tearDown -->
      </class> <!-- com.webstore.testcases.TC003_ForgetPasswordTest -->
    </test> <!-- Test -->
  </suite> <!-- Suite -->
</testng-results>
